<?xml version="1.0" encoding="UTF-8"?>
<!-- Generated by org.testng.reporters.JUnitReportReporter -->
<testsuite hostname="ISIPL-PUNV-L093" name="com.runner.TestRunner" tests="2" failures="0" timestamp="15 Jan 2021 03:12:09 GMT" time="82.125" errors="0">
  <testcase name="feature" time="42.467" classname="com.runner.TestRunner"/>
  <testcase name="feature" time="39.658" classname="com.runner.TestRunner"/>
</testsuite> <!-- com.runner.TestRunner -->
